<?xml version="1.0" encoding="UTF-8"?>
<robot generator="Robot 3.2.2 (Python 3.8.2 on win32)" generated="20210120 10:58:59.246" rpa="false">
<suite id="s1" name="n11TestSuite" source="C:\Users\esrat\Downloads\n11Project-main (1)\n11Project-main\n11Project\Tests\n11TestSuite.robot">
<test id="s1-t1" name="00. n11 Test Case">
<kw name="Launch Browser" library="MainFunctions" type="setup">
<kw name="Set Screenshot Directory" library="Selenium2Library">
<doc>Sets the directory for captured screenshots.</doc>
<arguments>
<arg>C:\\Users\\esrat\\Downloads\\n11Project-main (1)\\n11Project-main\\n11Project\\Facilities/../Tests/testresults/${TEST_NAME}</arg>
</arguments>
<status status="PASS" starttime="20210120 10:58:59.465" endtime="20210120 10:58:59.465"></status>
</kw>
<kw name="Chrome" library="MainFunctions">
<arguments>
<arg>${n11_URL}</arg>
<arg>alias=Main</arg>
</arguments>
<kw name="Set Chrome Options" library="MainFunctions">
<assign>
<var>${chrome_options}</var>
</assign>
<kw name="Evaluate" library="BuiltIn">
<doc>Evaluates the given expression in Python and returns the result.</doc>
<arguments>
<arg>sys.modules['selenium.webdriver'].ChromeOptions()</arg>
<arg>sys, selenium.webdriver</arg>
</arguments>
<assign>
<var>${options}</var>
</assign>
<msg timestamp="20210120 10:58:59.465" level="INFO">${options} = &lt;selenium.webdriver.chrome.options.Options object at 0x0000019FF369C2B0&gt;</msg>
<status status="PASS" starttime="20210120 10:58:59.465" endtime="20210120 10:58:59.465"></status>
</kw>
<kw name="${option} IN [ @{chrome_arguments} ]" type="for">
<msg timestamp="20210120 10:58:59.465" level="WARN">Error in file 'C:\Users\esrat\Downloads\n11Project-main (1)\n11Project-main\n11Project\Facilities\MainFunctions.robot' in FOR loop starting on line 15: For loop header ': FOR' is deprecated. Use 'FOR' instead.</msg>
<msg timestamp="20210120 10:58:59.465" level="WARN">Error in file 'C:\Users\esrat\Downloads\n11Project-main (1)\n11Project-main\n11Project\Facilities\MainFunctions.robot' in FOR loop starting on line 15: Marking for loop body with '\' is deprecated. Remove markers and use 'END' instead.</msg>
<kw name="${option} = --disable-infobars" type="foritem">
<kw name="Call Method" library="BuiltIn">
<doc>Calls the named method of the given object with the provided arguments.</doc>
<arguments>
<arg>${options}</arg>
<arg>add_argument</arg>
<arg>${option}</arg>
</arguments>
<status status="PASS" starttime="20210120 10:58:59.465" endtime="20210120 10:58:59.465"></status>
</kw>
<status status="PASS" starttime="20210120 10:58:59.465" endtime="20210120 10:58:59.465"></status>
</kw>
<kw name="${option} = --disable-gpu" type="foritem">
<kw name="Call Method" library="BuiltIn">
<doc>Calls the named method of the given object with the provided arguments.</doc>
<arguments>
<arg>${options}</arg>
<arg>add_argument</arg>
<arg>${option}</arg>
</arguments>
<status status="PASS" starttime="20210120 10:58:59.465" endtime="20210120 10:58:59.465"></status>
</kw>
<status status="PASS" starttime="20210120 10:58:59.465" endtime="20210120 10:58:59.465"></status>
</kw>
<kw name="${option} = enable-automation" type="foritem">
<kw name="Call Method" library="BuiltIn">
<doc>Calls the named method of the given object with the provided arguments.</doc>
<arguments>
<arg>${options}</arg>
<arg>add_argument</arg>
<arg>${option}</arg>
</arguments>
<status status="PASS" starttime="20210120 10:58:59.465" endtime="20210120 10:58:59.465"></status>
</kw>
<status status="PASS" starttime="20210120 10:58:59.465" endtime="20210120 10:58:59.465"></status>
</kw>
<kw name="${option} = --no-sandbox" type="foritem">
<kw name="Call Method" library="BuiltIn">
<doc>Calls the named method of the given object with the provided arguments.</doc>
<arguments>
<arg>${options}</arg>
<arg>add_argument</arg>
<arg>${option}</arg>
</arguments>
<status status="PASS" starttime="20210120 10:58:59.465" endtime="20210120 10:58:59.465"></status>
</kw>
<status status="PASS" starttime="20210120 10:58:59.465" endtime="20210120 10:58:59.465"></status>
</kw>
<kw name="${option} = --disable-extensions" type="foritem">
<kw name="Call Method" library="BuiltIn">
<doc>Calls the named method of the given object with the provided arguments.</doc>
<arguments>
<arg>${options}</arg>
<arg>add_argument</arg>
<arg>${option}</arg>
</arguments>
<status status="PASS" starttime="20210120 10:58:59.465" endtime="20210120 10:58:59.465"></status>
</kw>
<status status="PASS" starttime="20210120 10:58:59.465" endtime="20210120 10:58:59.465"></status>
</kw>
<kw name="${option} = --dns-prefetch-disable" type="foritem">
<kw name="Call Method" library="BuiltIn">
<doc>Calls the named method of the given object with the provided arguments.</doc>
<arguments>
<arg>${options}</arg>
<arg>add_argument</arg>
<arg>${option}</arg>
</arguments>
<status status="PASS" starttime="20210120 10:58:59.465" endtime="20210120 10:58:59.465"></status>
</kw>
<status status="PASS" starttime="20210120 10:58:59.465" endtime="20210120 10:58:59.465"></status>
</kw>
<status status="PASS" starttime="20210120 10:58:59.465" endtime="20210120 10:58:59.465"></status>
</kw>
<msg timestamp="20210120 10:58:59.465" level="INFO">${chrome_options} = &lt;selenium.webdriver.chrome.options.Options object at 0x0000019FF369C2B0&gt;</msg>
<status status="PASS" starttime="20210120 10:58:59.465" endtime="20210120 10:58:59.465"></status>
</kw>
<kw name="Set Variable" library="BuiltIn">
<doc>Returns the given values which can then be assigned to a variables.</doc>
<arguments>
<arg>--log-level=3</arg>
</arguments>
<assign>
<var>${disableLogging}</var>
</assign>
<msg timestamp="20210120 10:58:59.465" level="INFO">${disableLogging} = --log-level=3</msg>
<status status="PASS" starttime="20210120 10:58:59.465" endtime="20210120 10:58:59.465"></status>
</kw>
<kw name="Call Method" library="BuiltIn">
<doc>Calls the named method of the given object with the provided arguments.</doc>
<arguments>
<arg>${chrome_options}</arg>
<arg>add_argument</arg>
<arg>${disableLogging}</arg>
</arguments>
<status status="PASS" starttime="20210120 10:58:59.465" endtime="20210120 10:58:59.465"></status>
</kw>
<kw name="Create Webdriver" library="Selenium2Library">
<doc>Creates an instance of Selenium WebDriver.</doc>
<arguments>
<arg>Chrome</arg>
<arg>${alias}</arg>
<arg>chrome_options=${chrome_options}</arg>
</arguments>
<msg timestamp="20210120 10:58:59.465" level="INFO">Creating an instance of the Chrome WebDriver.</msg>
<status status="PASS" starttime="20210120 10:58:59.465" endtime="20210120 10:59:02.622"></status>
</kw>
<kw name="Log To Console" library="BuiltIn">
<doc>Logs the given message to the console.</doc>
<arguments>
<arg>\nCreated WebDriver..</arg>
</arguments>
<status status="PASS" starttime="20210120 10:59:02.622" endtime="20210120 10:59:02.622"></status>
</kw>
<kw name="Set Screenshot Directory" library="Selenium2Library">
<doc>Sets the directory for captured screenshots.</doc>
<arguments>
<arg>C:\\Users\\esrat\\Downloads\\n11Project-main (1)\\n11Project-main\\n11Project\\Facilities/../Tests/testresults/${TEST_NAME}</arg>
</arguments>
<status status="PASS" starttime="20210120 10:59:02.622" endtime="20210120 10:59:02.622"></status>
</kw>
<kw name="Go To" library="Selenium2Library">
<doc>Navigates the current browser window to the provided ``url``.</doc>
<arguments>
<arg>${URL}</arg>
</arguments>
<msg timestamp="20210120 10:59:02.622" level="INFO">Opening url 'https://www.n11.com/'</msg>
<status status="PASS" starttime="20210120 10:59:02.622" endtime="20210120 10:59:08.056"></status>
</kw>
<kw name="Maximize Browser Window" library="Selenium2Library">
<doc>Maximizes current browser window.</doc>
<status status="PASS" starttime="20210120 10:59:08.056" endtime="20210120 10:59:10.253"></status>
</kw>
<kw name="Capture Page Screenshot" library="Selenium2Library">
<doc>Takes a screenshot of the current page and embeds it into a log file.</doc>
<msg timestamp="20210120 10:59:10.658" level="INFO" html="yes">&lt;/td&gt;&lt;/tr&gt;&lt;tr&gt;&lt;td colspan="3"&gt;&lt;a href="../Tests/testresults/00.%20n11%20Test%20Case/selenium-screenshot-3.png"&gt;&lt;img src="../Tests/testresults/00.%20n11%20Test%20Case/selenium-screenshot-3.png" width="800px"&gt;&lt;/a&gt;</msg>
<status status="PASS" starttime="20210120 10:59:10.253" endtime="20210120 10:59:10.658"></status>
</kw>
<status status="PASS" starttime="20210120 10:58:59.465" endtime="20210120 10:59:10.658"></status>
</kw>
<status status="PASS" starttime="20210120 10:58:59.465" endtime="20210120 10:59:10.658"></status>
</kw>
<kw name="Search Computer" library="SearchProductFacilities">
<kw name="Sleep" library="BuiltIn">
<doc>Pauses the test executed for the given time.</doc>
<arguments>
<arg>5s</arg>
</arguments>
<msg timestamp="20210120 10:59:15.671" level="INFO">Slept 5 seconds</msg>
<status status="PASS" starttime="20210120 10:59:10.658" endtime="20210120 10:59:15.671"></status>
</kw>
<kw name="Wait And Click Element" library="MainFunctions">
<arguments>
<arg>${closePopupButton}</arg>
</arguments>
<kw name="Wait For Element" library="MainFunctions">
<arguments>
<arg>${element}</arg>
<arg>${timeout}</arg>
<arg>${interval}</arg>
</arguments>
<kw name="Wait Until Keyword Succeeds" library="BuiltIn">
<doc>Runs the specified keyword and retries if it fails.</doc>
<arguments>
<arg>${timeout}</arg>
<arg>${interval}</arg>
<arg>Page Should Contain Element</arg>
<arg>${element}</arg>
</arguments>
<kw name="Page Should Contain Element" library="Selenium2Library">
<doc>Verifies that element ``locator`` is found on the current page.</doc>
<arguments>
<arg>${element}</arg>
</arguments>
<msg timestamp="20210120 10:59:15.741" level="INFO">Current page contains element 'xpath=(//*[@class="closeBtn"])[1]'.</msg>
<status status="PASS" starttime="20210120 10:59:15.675" endtime="20210120 10:59:15.741"></status>
</kw>
<status status="PASS" starttime="20210120 10:59:15.674" endtime="20210120 10:59:15.741"></status>
</kw>
<status status="PASS" starttime="20210120 10:59:15.673" endtime="20210120 10:59:15.742"></status>
</kw>
<kw name="Click Element" library="Selenium2Library">
<doc>Click the element identified by ``locator``.</doc>
<arguments>
<arg>${element}</arg>
</arguments>
<msg timestamp="20210120 10:59:15.742" level="INFO">Clicking element 'xpath=(//*[@class="closeBtn"])[1]'.</msg>
<status status="PASS" starttime="20210120 10:59:15.742" endtime="20210120 10:59:15.805"></status>
</kw>
<status status="PASS" starttime="20210120 10:59:15.672" endtime="20210120 10:59:15.806"></status>
</kw>
<kw name="Wait And Click Element" library="MainFunctions">
<arguments>
<arg>${laterButton}</arg>
</arguments>
<kw name="Wait For Element" library="MainFunctions">
<arguments>
<arg>${element}</arg>
<arg>${timeout}</arg>
<arg>${interval}</arg>
</arguments>
<kw name="Wait Until Keyword Succeeds" library="BuiltIn">
<doc>Runs the specified keyword and retries if it fails.</doc>
<arguments>
<arg>${timeout}</arg>
<arg>${interval}</arg>
<arg>Page Should Contain Element</arg>
<arg>${element}</arg>
</arguments>
<kw name="Page Should Contain Element" library="Selenium2Library">
<doc>Verifies that element ``locator`` is found on the current page.</doc>
<arguments>
<arg>${element}</arg>
</arguments>
<msg timestamp="20210120 10:59:15.819" level="INFO">Current page contains element 'xpath=(//*[text()='Daha Sonra'])[1]'.</msg>
<status status="PASS" starttime="20210120 10:59:15.807" endtime="20210120 10:59:15.819"></status>
</kw>
<status status="PASS" starttime="20210120 10:59:15.807" endtime="20210120 10:59:15.819"></status>
</kw>
<status status="PASS" starttime="20210120 10:59:15.806" endtime="20210120 10:59:15.820"></status>
</kw>
<kw name="Click Element" library="Selenium2Library">
<doc>Click the element identified by ``locator``.</doc>
<arguments>
<arg>${element}</arg>
</arguments>
<msg timestamp="20210120 10:59:15.820" level="INFO">Clicking element 'xpath=(//*[text()='Daha Sonra'])[1]'.</msg>
<status status="PASS" starttime="20210120 10:59:15.820" endtime="20210120 10:59:15.871"></status>
</kw>
<status status="PASS" starttime="20210120 10:59:15.806" endtime="20210120 10:59:15.871"></status>
</kw>
<kw name="Wait And Click Element" library="MainFunctions">
<arguments>
<arg>${searchInputBox}</arg>
</arguments>
<kw name="Wait For Element" library="MainFunctions">
<arguments>
<arg>${element}</arg>
<arg>${timeout}</arg>
<arg>${interval}</arg>
</arguments>
<kw name="Wait Until Keyword Succeeds" library="BuiltIn">
<doc>Runs the specified keyword and retries if it fails.</doc>
<arguments>
<arg>${timeout}</arg>
<arg>${interval}</arg>
<arg>Page Should Contain Element</arg>
<arg>${element}</arg>
</arguments>
<kw name="Page Should Contain Element" library="Selenium2Library">
<doc>Verifies that element ``locator`` is found on the current page.</doc>
<arguments>
<arg>${element}</arg>
</arguments>
<msg timestamp="20210120 10:59:15.886" level="INFO">Current page contains element 'xpath=//*[@id="searchData"]'.</msg>
<status status="PASS" starttime="20210120 10:59:15.872" endtime="20210120 10:59:15.886"></status>
</kw>
<status status="PASS" starttime="20210120 10:59:15.872" endtime="20210120 10:59:15.886"></status>
</kw>
<status status="PASS" starttime="20210120 10:59:15.871" endtime="20210120 10:59:15.886"></status>
</kw>
<kw name="Click Element" library="Selenium2Library">
<doc>Click the element identified by ``locator``.</doc>
<arguments>
<arg>${element}</arg>
</arguments>
<msg timestamp="20210120 10:59:15.886" level="INFO">Clicking element 'xpath=//*[@id="searchData"]'.</msg>
<status status="PASS" starttime="20210120 10:59:15.886" endtime="20210120 10:59:16.461"></status>
</kw>
<status status="PASS" starttime="20210120 10:59:15.871" endtime="20210120 10:59:16.461"></status>
</kw>
<kw name="Wait And Send Text" library="MainFunctions">
<arguments>
<arg>${searchInputBox}</arg>
<arg>bilgisayar</arg>
</arguments>
<kw name="Wait For Element" library="MainFunctions">
<arguments>
<arg>${element}</arg>
<arg>${timeout}</arg>
<arg>${interval}</arg>
</arguments>
<kw name="Wait Until Keyword Succeeds" library="BuiltIn">
<doc>Runs the specified keyword and retries if it fails.</doc>
<arguments>
<arg>${timeout}</arg>
<arg>${interval}</arg>
<arg>Page Should Contain Element</arg>
<arg>${element}</arg>
</arguments>
<kw name="Page Should Contain Element" library="Selenium2Library">
<doc>Verifies that element ``locator`` is found on the current page.</doc>
<arguments>
<arg>${element}</arg>
</arguments>
<msg timestamp="20210120 10:59:16.474" level="INFO">Current page contains element 'xpath=//*[@id="searchData"]'.</msg>
<status status="PASS" starttime="20210120 10:59:16.463" endtime="20210120 10:59:16.474"></status>
</kw>
<status status="PASS" starttime="20210120 10:59:16.462" endtime="20210120 10:59:16.474"></status>
</kw>
<status status="PASS" starttime="20210120 10:59:16.462" endtime="20210120 10:59:16.474"></status>
</kw>
<kw name="Input Text" library="Selenium2Library">
<doc>Types the given ``text`` into the text field identified by ``locator``.</doc>
<arguments>
<arg>${element}</arg>
<arg>${text}</arg>
</arguments>
<msg timestamp="20210120 10:59:16.475" level="INFO">Typing text 'bilgisayar' into text field 'xpath=//*[@id="searchData"]'.</msg>
<status status="PASS" starttime="20210120 10:59:16.475" endtime="20210120 10:59:16.544"></status>
</kw>
<status status="PASS" starttime="20210120 10:59:16.461" endtime="20210120 10:59:16.545"></status>
</kw>
<kw name="Press Keys" library="Selenium2Library">
<doc>Simulates the user pressing key(s) to an element or on the active browser.</doc>
<arguments>
<arg>${searchInputBox}</arg>
<arg>ENTER</arg>
</arguments>
<msg timestamp="20210120 10:59:16.545" level="INFO">Sending key(s) ('ENTER',) to xpath=//*[@id="searchData"] element.</msg>
<msg timestamp="20210120 10:59:16.840" level="INFO">Pressing special key ENTER to element.</msg>
<msg timestamp="20210120 10:59:16.841" level="INFO">Releasing special key ENTER.</msg>
<status status="PASS" starttime="20210120 10:59:16.545" endtime="20210120 10:59:18.376"></status>
</kw>
<kw name="Sleep" library="BuiltIn">
<doc>Pauses the test executed for the given time.</doc>
<arguments>
<arg>3s</arg>
</arguments>
<msg timestamp="20210120 10:59:21.406" level="INFO">Slept 3 seconds</msg>
<status status="PASS" starttime="20210120 10:59:18.376" endtime="20210120 10:59:21.406"></status>
</kw>
<kw name="Select First Product" library="SearchProductFacilities">
<kw name="Wait And Click Element" library="MainFunctions">
<arguments>
<arg>${firstProduct}</arg>
</arguments>
<kw name="Wait For Element" library="MainFunctions">
<arguments>
<arg>${element}</arg>
<arg>${timeout}</arg>
<arg>${interval}</arg>
</arguments>
<kw name="Wait Until Keyword Succeeds" library="BuiltIn">
<doc>Runs the specified keyword and retries if it fails.</doc>
<arguments>
<arg>${timeout}</arg>
<arg>${interval}</arg>
<arg>Page Should Contain Element</arg>
<arg>${element}</arg>
</arguments>
<kw name="Page Should Contain Element" library="Selenium2Library">
<doc>Verifies that element ``locator`` is found on the current page.</doc>
<arguments>
<arg>${element}</arg>
</arguments>
<msg timestamp="20210120 10:59:21.452" level="INFO">Current page contains element 'xpath=//*[text()='Kategori seçiniz']/following::img[1]'.</msg>
<status status="PASS" starttime="20210120 10:59:21.406" endtime="20210120 10:59:21.452"></status>
</kw>
<status status="PASS" starttime="20210120 10:59:21.406" endtime="20210120 10:59:21.452"></status>
</kw>
<status status="PASS" starttime="20210120 10:59:21.406" endtime="20210120 10:59:21.452"></status>
</kw>
<kw name="Click Element" library="Selenium2Library">
<doc>Click the element identified by ``locator``.</doc>
<arguments>
<arg>${element}</arg>
</arguments>
<msg timestamp="20210120 10:59:21.452" level="INFO">Clicking element 'xpath=//*[text()='Kategori seçiniz']/following::img[1]'.</msg>
<status status="PASS" starttime="20210120 10:59:21.452" endtime="20210120 10:59:21.604"></status>
</kw>
<status status="PASS" starttime="20210120 10:59:21.406" endtime="20210120 10:59:21.604"></status>
</kw>
<kw name="Sleep" library="BuiltIn">
<doc>Pauses the test executed for the given time.</doc>
<arguments>
<arg>2s</arg>
</arguments>
<msg timestamp="20210120 10:59:23.607" level="INFO">Slept 2 seconds</msg>
<status status="PASS" starttime="20210120 10:59:21.604" endtime="20210120 10:59:23.607"></status>
</kw>
<status status="PASS" starttime="20210120 10:59:21.406" endtime="20210120 10:59:23.607"></status>
</kw>
<kw name="Get Price Value" library="SearchProductFacilities">
<kw name="Get Text" library="Selenium2Library">
<doc>Returns the text value of the element identified by ``locator``.</doc>
<arguments>
<arg>${priceText}</arg>
</arguments>
<assign>
<var>${priceValue}</var>
</assign>
<msg timestamp="20210120 10:59:28.897" level="INFO">${priceValue} = 1.499,99 TL</msg>
<status status="PASS" starttime="20210120 10:59:23.608" endtime="20210120 10:59:28.897"></status>
</kw>
<kw name="Convert To String" library="BuiltIn">
<doc>Converts the given item to a Unicode string.</doc>
<arguments>
<arg>${priceValue}</arg>
</arguments>
<assign>
<var>${priceValue}</var>
</assign>
<msg timestamp="20210120 10:59:28.897" level="INFO">${priceValue} = 1.499,99 TL</msg>
<status status="PASS" starttime="20210120 10:59:28.897" endtime="20210120 10:59:28.897"></status>
</kw>
<kw name="Remove String" library="String">
<doc>Removes all ``removables`` from the given ``string``.</doc>
<arguments>
<arg>${priceValue}</arg>
<arg>TL</arg>
</arguments>
<assign>
<var>${priceValue}</var>
</assign>
<msg timestamp="20210120 10:59:28.898" level="INFO">${priceValue} = 1.499,99 </msg>
<status status="PASS" starttime="20210120 10:59:28.897" endtime="20210120 10:59:28.898"></status>
</kw>
<kw name="Strip String" library="String">
<doc>Remove leading and/or trailing whitespaces from the given string.</doc>
<arguments>
<arg>${SPACE}${priceValue}${SPACE}</arg>
</arguments>
<assign>
<var>${priceValue}</var>
</assign>
<msg timestamp="20210120 10:59:28.898" level="INFO">${priceValue} = 1.499,99</msg>
<status status="PASS" starttime="20210120 10:59:28.898" endtime="20210120 10:59:28.898"></status>
</kw>
<kw name="Log To Console" library="BuiltIn">
<doc>Logs the given message to the console.</doc>
<arguments>
<arg>\nPrice: ${priceValue}</arg>
</arguments>
<status status="PASS" starttime="20210120 10:59:28.899" endtime="20210120 10:59:28.899"></status>
</kw>
<kw name="Set Global Variable" library="BuiltIn">
<doc>Makes a variable available globally in all tests and suites.</doc>
<arguments>
<arg>${priceValue}</arg>
</arguments>
<msg timestamp="20210120 10:59:28.900" level="INFO">${priceValue} = 1.499,99</msg>
<status status="PASS" starttime="20210120 10:59:28.899" endtime="20210120 10:59:28.900"></status>
</kw>
<status status="PASS" starttime="20210120 10:59:23.608" endtime="20210120 10:59:28.900"></status>
</kw>
<status status="PASS" starttime="20210120 10:59:10.658" endtime="20210120 10:59:28.900"></status>
</kw>
<kw name="Basket Process" library="BasketFacilities">
<kw name="Sleep" library="BuiltIn">
<doc>Pauses the test executed for the given time.</doc>
<arguments>
<arg>2s</arg>
</arguments>
<msg timestamp="20210120 10:59:30.914" level="INFO">Slept 2 seconds</msg>
<status status="PASS" starttime="20210120 10:59:28.901" endtime="20210120 10:59:30.914"></status>
</kw>
<kw name="Wait And Click Element" library="MainFunctions">
<arguments>
<arg>${addBasketButton}</arg>
</arguments>
<kw name="Wait For Element" library="MainFunctions">
<arguments>
<arg>${element}</arg>
<arg>${timeout}</arg>
<arg>${interval}</arg>
</arguments>
<kw name="Wait Until Keyword Succeeds" library="BuiltIn">
<doc>Runs the specified keyword and retries if it fails.</doc>
<arguments>
<arg>${timeout}</arg>
<arg>${interval}</arg>
<arg>Page Should Contain Element</arg>
<arg>${element}</arg>
</arguments>
<kw name="Page Should Contain Element" library="Selenium2Library">
<doc>Verifies that element ``locator`` is found on the current page.</doc>
<arguments>
<arg>${element}</arg>
</arguments>
<msg timestamp="20210120 10:59:30.929" level="INFO">Current page contains element 'xpath=//*[text()='Sepete Ekle']'.</msg>
<status status="PASS" starttime="20210120 10:59:30.916" endtime="20210120 10:59:30.929"></status>
</kw>
<status status="PASS" starttime="20210120 10:59:30.915" endtime="20210120 10:59:30.929"></status>
</kw>
<status status="PASS" starttime="20210120 10:59:30.915" endtime="20210120 10:59:30.929"></status>
</kw>
<kw name="Click Element" library="Selenium2Library">
<doc>Click the element identified by ``locator``.</doc>
<arguments>
<arg>${element}</arg>
</arguments>
<msg timestamp="20210120 10:59:30.930" level="INFO">Clicking element 'xpath=//*[text()='Sepete Ekle']'.</msg>
<status status="PASS" starttime="20210120 10:59:30.930" endtime="20210120 10:59:31.060"></status>
</kw>
<status status="PASS" starttime="20210120 10:59:30.914" endtime="20210120 10:59:31.060"></status>
</kw>
<kw name="Sleep" library="BuiltIn">
<doc>Pauses the test executed for the given time.</doc>
<arguments>
<arg>5s</arg>
</arguments>
<msg timestamp="20210120 10:59:36.066" level="INFO">Slept 5 seconds</msg>
<status status="PASS" starttime="20210120 10:59:31.060" endtime="20210120 10:59:36.067"></status>
</kw>
<kw name="Wait And Click Element" library="MainFunctions">
<arguments>
<arg>${addBasketButton}</arg>
</arguments>
<kw name="Wait For Element" library="MainFunctions">
<arguments>
<arg>${element}</arg>
<arg>${timeout}</arg>
<arg>${interval}</arg>
</arguments>
<kw name="Wait Until Keyword Succeeds" library="BuiltIn">
<doc>Runs the specified keyword and retries if it fails.</doc>
<arguments>
<arg>${timeout}</arg>
<arg>${interval}</arg>
<arg>Page Should Contain Element</arg>
<arg>${element}</arg>
</arguments>
<kw name="Page Should Contain Element" library="Selenium2Library">
<doc>Verifies that element ``locator`` is found on the current page.</doc>
<arguments>
<arg>${element}</arg>
</arguments>
<msg timestamp="20210120 10:59:36.105" level="INFO">Current page contains element 'xpath=//*[text()='Sepete Ekle']'.</msg>
<status status="PASS" starttime="20210120 10:59:36.072" endtime="20210120 10:59:36.105"></status>
</kw>
<status status="PASS" starttime="20210120 10:59:36.071" endtime="20210120 10:59:36.105"></status>
</kw>
<status status="PASS" starttime="20210120 10:59:36.069" endtime="20210120 10:59:36.106"></status>
</kw>
<kw name="Click Element" library="Selenium2Library">
<doc>Click the element identified by ``locator``.</doc>
<arguments>
<arg>${element}</arg>
</arguments>
<msg timestamp="20210120 10:59:36.107" level="INFO">Clicking element 'xpath=//*[text()='Sepete Ekle']'.</msg>
<status status="PASS" starttime="20210120 10:59:36.107" endtime="20210120 10:59:36.258"></status>
</kw>
<status status="PASS" starttime="20210120 10:59:36.067" endtime="20210120 10:59:36.259"></status>
</kw>
<kw name="Wait And Click Element" library="MainFunctions">
<arguments>
<arg>${goToBasket}</arg>
</arguments>
<kw name="Wait For Element" library="MainFunctions">
<arguments>
<arg>${element}</arg>
<arg>${timeout}</arg>
<arg>${interval}</arg>
</arguments>
<kw name="Wait Until Keyword Succeeds" library="BuiltIn">
<doc>Runs the specified keyword and retries if it fails.</doc>
<arguments>
<arg>${timeout}</arg>
<arg>${interval}</arg>
<arg>Page Should Contain Element</arg>
<arg>${element}</arg>
</arguments>
<kw name="Page Should Contain Element" library="Selenium2Library">
<doc>Verifies that element ``locator`` is found on the current page.</doc>
<arguments>
<arg>${element}</arg>
</arguments>
<msg timestamp="20210120 10:59:36.276" level="INFO">Current page contains element 'xpath=(//*[@class="icon iconBasket"])[1]'.</msg>
<status status="PASS" starttime="20210120 10:59:36.260" endtime="20210120 10:59:36.276"></status>
</kw>
<status status="PASS" starttime="20210120 10:59:36.260" endtime="20210120 10:59:36.276"></status>
</kw>
<status status="PASS" starttime="20210120 10:59:36.259" endtime="20210120 10:59:36.276"></status>
</kw>
<kw name="Click Element" library="Selenium2Library">
<doc>Click the element identified by ``locator``.</doc>
<arguments>
<arg>${element}</arg>
</arguments>
<msg timestamp="20210120 10:59:36.276" level="INFO">Clicking element 'xpath=(//*[@class="icon iconBasket"])[1]'.</msg>
<status status="PASS" starttime="20210120 10:59:36.276" endtime="20210120 10:59:38.240"></status>
</kw>
<status status="PASS" starttime="20210120 10:59:36.259" endtime="20210120 10:59:38.241"></status>
</kw>
<kw name="Sleep" library="BuiltIn">
<doc>Pauses the test executed for the given time.</doc>
<arguments>
<arg>3s</arg>
</arguments>
<msg timestamp="20210120 10:59:41.257" level="INFO">Slept 3 seconds</msg>
<status status="PASS" starttime="20210120 10:59:38.241" endtime="20210120 10:59:41.257"></status>
</kw>
<kw name="Wait And Click Element" library="MainFunctions">
<arguments>
<arg>${closePopupButton}</arg>
</arguments>
<kw name="Wait For Element" library="MainFunctions">
<arguments>
<arg>${element}</arg>
<arg>${timeout}</arg>
<arg>${interval}</arg>
</arguments>
<kw name="Wait Until Keyword Succeeds" library="BuiltIn">
<doc>Runs the specified keyword and retries if it fails.</doc>
<arguments>
<arg>${timeout}</arg>
<arg>${interval}</arg>
<arg>Page Should Contain Element</arg>
<arg>${element}</arg>
</arguments>
<kw name="Page Should Contain Element" library="Selenium2Library">
<doc>Verifies that element ``locator`` is found on the current page.</doc>
<arguments>
<arg>${element}</arg>
</arguments>
<msg timestamp="20210120 10:59:41.304" level="INFO">Current page contains element 'xpath=(//*[@class="closeBtn"])[1]'.</msg>
<status status="PASS" starttime="20210120 10:59:41.257" endtime="20210120 10:59:41.304"></status>
</kw>
<status status="PASS" starttime="20210120 10:59:41.257" endtime="20210120 10:59:41.304"></status>
</kw>
<status status="PASS" starttime="20210120 10:59:41.257" endtime="20210120 10:59:41.304"></status>
</kw>
<kw name="Click Element" library="Selenium2Library">
<doc>Click the element identified by ``locator``.</doc>
<arguments>
<arg>${element}</arg>
</arguments>
<msg timestamp="20210120 10:59:41.304" level="INFO">Clicking element 'xpath=(//*[@class="closeBtn"])[1]'.</msg>
<status status="PASS" starttime="20210120 10:59:41.304" endtime="20210120 10:59:41.456"></status>
</kw>
<status status="PASS" starttime="20210120 10:59:41.257" endtime="20210120 10:59:41.456"></status>
</kw>
<kw name="Sleep" library="BuiltIn">
<doc>Pauses the test executed for the given time.</doc>
<arguments>
<arg>2s</arg>
</arguments>
<msg timestamp="20210120 10:59:43.468" level="INFO">Slept 2 seconds</msg>
<status status="PASS" starttime="20210120 10:59:41.456" endtime="20210120 10:59:43.468"></status>
</kw>
<kw name="Get Basket Price Value" library="BasketFacilities">
<kw name="Get Element Attribute" library="Selenium2Library">
<doc>Returns the value of ``attribute`` from the element ``locator``.</doc>
<arguments>
<arg>${priceTextfromBasket}</arg>
<arg>value</arg>
</arguments>
<assign>
<var>${basketPriceValue}</var>
</assign>
<msg timestamp="20210120 10:59:43.531" level="INFO">${basketPriceValue} = 1.499,99</msg>
<status status="PASS" starttime="20210120 10:59:43.468" endtime="20210120 10:59:43.531"></status>
</kw>
<kw name="Convert To String" library="BuiltIn">
<doc>Converts the given item to a Unicode string.</doc>
<arguments>
<arg>${basketPriceValue}</arg>
</arguments>
<assign>
<var>${basketPriceValue}</var>
</assign>
<msg timestamp="20210120 10:59:43.531" level="INFO">${basketPriceValue} = 1.499,99</msg>
<status status="PASS" starttime="20210120 10:59:43.531" endtime="20210120 10:59:43.531"></status>
</kw>
<kw name="Strip String" library="String">
<doc>Remove leading and/or trailing whitespaces from the given string.</doc>
<arguments>
<arg>${SPACE}${basketPriceValue}${SPACE}</arg>
</arguments>
<assign>
<var>${basketPriceValue}</var>
</assign>
<msg timestamp="20210120 10:59:43.531" level="INFO">${basketPriceValue} = 1.499,99</msg>
<status status="PASS" starttime="20210120 10:59:43.531" endtime="20210120 10:59:43.531"></status>
</kw>
<kw name="Log To Console" library="BuiltIn">
<doc>Logs the given message to the console.</doc>
<arguments>
<arg>\nPrice Value from Basket: ${basketPriceValue}</arg>
</arguments>
<status status="PASS" starttime="20210120 10:59:43.531" endtime="20210120 10:59:43.531"></status>
</kw>
<kw name="Set Global Variable" library="BuiltIn">
<doc>Makes a variable available globally in all tests and suites.</doc>
<arguments>
<arg>${basketPriceValue}</arg>
</arguments>
<msg timestamp="20210120 10:59:43.531" level="INFO">${basketPriceValue} = 1.499,99</msg>
<status status="PASS" starttime="20210120 10:59:43.531" endtime="20210120 10:59:43.531"></status>
</kw>
<status status="PASS" starttime="20210120 10:59:43.468" endtime="20210120 10:59:43.531"></status>
</kw>
<kw name="Compare Price" library="BasketFacilities">
<kw name="Run Keyword And Ignore Error" library="BuiltIn">
<doc>Runs the given keyword with the given arguments and ignores possible error.</doc>
<arguments>
<arg>Should Be Equal</arg>
<arg>${priceValue}</arg>
<arg>${basketPriceValue}</arg>
</arguments>
<assign>
<var>${status}</var>
<var>${value}</var>
</assign>
<kw name="Should Be Equal" library="BuiltIn">
<doc>Fails if the given objects are unequal.</doc>
<arguments>
<arg>${priceValue}</arg>
<arg>${basketPriceValue}</arg>
</arguments>
<status status="PASS" starttime="20210120 10:59:43.531" endtime="20210120 10:59:43.531"></status>
</kw>
<msg timestamp="20210120 10:59:43.531" level="INFO">${status} = PASS</msg>
<msg timestamp="20210120 10:59:43.531" level="INFO">${value} = None</msg>
<status status="PASS" starttime="20210120 10:59:43.531" endtime="20210120 10:59:43.531"></status>
</kw>
<kw name="Run Keyword If" library="BuiltIn">
<doc>Runs the given keyword with the given arguments, if ``condition`` is true.</doc>
<arguments>
<arg>'${status}'=='PASS'</arg>
<arg>log to console</arg>
<arg>\nprices are identical</arg>
<arg>ELSE</arg>
<arg>log to console</arg>
<arg>\nprices are different</arg>
</arguments>
<kw name="Log To Console" library="BuiltIn">
<doc>Logs the given message to the console.</doc>
<arguments>
<arg>\nprices are identical</arg>
</arguments>
<status status="PASS" starttime="20210120 10:59:43.531" endtime="20210120 10:59:43.531"></status>
</kw>
<status status="PASS" starttime="20210120 10:59:43.531" endtime="20210120 10:59:43.531"></status>
</kw>
<kw name="Sleep" library="BuiltIn">
<doc>Pauses the test executed for the given time.</doc>
<arguments>
<arg>4s</arg>
</arguments>
<msg timestamp="20210120 10:59:47.540" level="INFO">Slept 4 seconds</msg>
<status status="PASS" starttime="20210120 10:59:43.531" endtime="20210120 10:59:47.540"></status>
</kw>
<status status="PASS" starttime="20210120 10:59:43.531" endtime="20210120 10:59:47.540"></status>
</kw>
<kw name="Add and Check Quantity" library="BasketFacilities">
<kw name="Wait And Click Element" library="MainFunctions">
<arguments>
<arg>${plusButton}</arg>
</arguments>
<kw name="Wait For Element" library="MainFunctions">
<arguments>
<arg>${element}</arg>
<arg>${timeout}</arg>
<arg>${interval}</arg>
</arguments>
<kw name="Wait Until Keyword Succeeds" library="BuiltIn">
<doc>Runs the specified keyword and retries if it fails.</doc>
<arguments>
<arg>${timeout}</arg>
<arg>${interval}</arg>
<arg>Page Should Contain Element</arg>
<arg>${element}</arg>
</arguments>
<kw name="Page Should Contain Element" library="Selenium2Library">
<doc>Verifies that element ``locator`` is found on the current page.</doc>
<arguments>
<arg>${element}</arg>
</arguments>
<msg timestamp="20210120 10:59:47.571" level="INFO">Current page contains element 'xpath=//*[@class="spinnerUp spinnerArrow"]'.</msg>
<status status="PASS" starttime="20210120 10:59:47.540" endtime="20210120 10:59:47.571"></status>
</kw>
<status status="PASS" starttime="20210120 10:59:47.540" endtime="20210120 10:59:47.571"></status>
</kw>
<status status="PASS" starttime="20210120 10:59:47.540" endtime="20210120 10:59:47.571"></status>
</kw>
<kw name="Click Element" library="Selenium2Library">
<doc>Click the element identified by ``locator``.</doc>
<arguments>
<arg>${element}</arg>
</arguments>
<msg timestamp="20210120 10:59:47.587" level="INFO">Clicking element 'xpath=//*[@class="spinnerUp spinnerArrow"]'.</msg>
<status status="PASS" starttime="20210120 10:59:47.571" endtime="20210120 10:59:47.704"></status>
</kw>
<status status="PASS" starttime="20210120 10:59:47.540" endtime="20210120 10:59:47.704"></status>
</kw>
<kw name="Sleep" library="BuiltIn">
<doc>Pauses the test executed for the given time.</doc>
<arguments>
<arg>1s</arg>
</arguments>
<msg timestamp="20210120 10:59:48.714" level="INFO">Slept 1 second</msg>
<status status="PASS" starttime="20210120 10:59:47.704" endtime="20210120 10:59:48.714"></status>
</kw>
<kw name="Get Element Attribute" library="Selenium2Library">
<doc>Returns the value of ``attribute`` from the element ``locator``.</doc>
<arguments>
<arg>${quantity}</arg>
<arg>value</arg>
</arguments>
<assign>
<var>${quantityValue}</var>
</assign>
<msg timestamp="20210120 10:59:48.745" level="INFO">${quantityValue} = 2</msg>
<status status="PASS" starttime="20210120 10:59:48.714" endtime="20210120 10:59:48.745"></status>
</kw>
<kw name="Convert To String" library="BuiltIn">
<doc>Converts the given item to a Unicode string.</doc>
<arguments>
<arg>${quantityValue}</arg>
</arguments>
<assign>
<var>${quantityValue}</var>
</assign>
<msg timestamp="20210120 10:59:48.761" level="INFO">${quantityValue} = 2</msg>
<status status="PASS" starttime="20210120 10:59:48.745" endtime="20210120 10:59:48.761"></status>
</kw>
<kw name="Sleep" library="BuiltIn">
<doc>Pauses the test executed for the given time.</doc>
<arguments>
<arg>1s</arg>
</arguments>
<msg timestamp="20210120 10:59:49.775" level="INFO">Slept 1 second</msg>
<status status="PASS" starttime="20210120 10:59:48.761" endtime="20210120 10:59:49.775"></status>
</kw>
<kw name="Run Keyword And Ignore Error" library="BuiltIn">
<doc>Runs the given keyword with the given arguments and ignores possible error.</doc>
<arguments>
<arg>Should Be Equal As Strings</arg>
<arg>${quantityValue}</arg>
<arg>2</arg>
</arguments>
<assign>
<var>${status}</var>
<var>${value}</var>
</assign>
<kw name="Should Be Equal As Strings" library="BuiltIn">
<doc>Fails if objects are unequal after converting them to strings.</doc>
<arguments>
<arg>${quantityValue}</arg>
<arg>2</arg>
</arguments>
<status status="PASS" starttime="20210120 10:59:49.775" endtime="20210120 10:59:49.775"></status>
</kw>
<msg timestamp="20210120 10:59:49.775" level="INFO">${status} = PASS</msg>
<msg timestamp="20210120 10:59:49.775" level="INFO">${value} = None</msg>
<status status="PASS" starttime="20210120 10:59:49.775" endtime="20210120 10:59:49.775"></status>
</kw>
<kw name="Run Keyword If" library="BuiltIn">
<doc>Runs the given keyword with the given arguments, if ``condition`` is true.</doc>
<arguments>
<arg>'${status}'=='PASS'</arg>
<arg>log to console</arg>
<arg>\nquantity:2</arg>
<arg>ELSE</arg>
<arg>log to console</arg>
<arg>\nquantity is not 2</arg>
</arguments>
<kw name="Log To Console" library="BuiltIn">
<doc>Logs the given message to the console.</doc>
<arguments>
<arg>\nquantity:2</arg>
</arguments>
<status status="PASS" starttime="20210120 10:59:49.775" endtime="20210120 10:59:49.775"></status>
</kw>
<status status="PASS" starttime="20210120 10:59:49.775" endtime="20210120 10:59:49.775"></status>
</kw>
<status status="PASS" starttime="20210120 10:59:47.540" endtime="20210120 10:59:49.775"></status>
</kw>
<kw name="Delete Product" library="BasketFacilities">
<kw name="Wait And Click Element" library="MainFunctions">
<arguments>
<arg>${deleteButton}</arg>
</arguments>
<kw name="Wait For Element" library="MainFunctions">
<arguments>
<arg>${element}</arg>
<arg>${timeout}</arg>
<arg>${interval}</arg>
</arguments>
<kw name="Wait Until Keyword Succeeds" library="BuiltIn">
<doc>Runs the specified keyword and retries if it fails.</doc>
<arguments>
<arg>${timeout}</arg>
<arg>${interval}</arg>
<arg>Page Should Contain Element</arg>
<arg>${element}</arg>
</arguments>
<kw name="Page Should Contain Element" library="Selenium2Library">
<doc>Verifies that element ``locator`` is found on the current page.</doc>
<arguments>
<arg>${element}</arg>
</arguments>
<msg timestamp="20210120 10:59:49.806" level="INFO">Current page contains element 'xpath=//*[@title="Sil"]'.</msg>
<status status="PASS" starttime="20210120 10:59:49.775" endtime="20210120 10:59:49.806"></status>
</kw>
<status status="PASS" starttime="20210120 10:59:49.775" endtime="20210120 10:59:49.806"></status>
</kw>
<status status="PASS" starttime="20210120 10:59:49.775" endtime="20210120 10:59:49.806"></status>
</kw>
<kw name="Click Element" library="Selenium2Library">
<doc>Click the element identified by ``locator``.</doc>
<arguments>
<arg>${element}</arg>
</arguments>
<msg timestamp="20210120 10:59:49.806" level="INFO">Clicking element 'xpath=//*[@title="Sil"]'.</msg>
<status status="PASS" starttime="20210120 10:59:49.806" endtime="20210120 10:59:49.881"></status>
</kw>
<status status="PASS" starttime="20210120 10:59:49.775" endtime="20210120 10:59:49.881"></status>
</kw>
<kw name="Sleep" library="BuiltIn">
<doc>Pauses the test executed for the given time.</doc>
<arguments>
<arg>1s</arg>
</arguments>
<msg timestamp="20210120 10:59:50.891" level="INFO">Slept 1 second</msg>
<status status="PASS" starttime="20210120 10:59:49.881" endtime="20210120 10:59:50.891"></status>
</kw>
<kw name="Reload Page" library="Selenium2Library">
<doc>Simulates user reloading page.</doc>
<status status="PASS" starttime="20210120 10:59:50.891" endtime="20210120 10:59:50.912"></status>
</kw>
<kw name="Sleep" library="BuiltIn">
<doc>Pauses the test executed for the given time.</doc>
<arguments>
<arg>5s</arg>
</arguments>
<msg timestamp="20210120 10:59:55.920" level="INFO">Slept 5 seconds</msg>
<status status="PASS" starttime="20210120 10:59:50.913" endtime="20210120 10:59:55.920"></status>
</kw>
<kw name="Run Keyword And Ignore Error" library="BuiltIn">
<doc>Runs the given keyword with the given arguments and ignores possible error.</doc>
<arguments>
<arg>Page Should Contain Element</arg>
<arg>${sepetinizBosLabel}</arg>
</arguments>
<assign>
<var>${status}</var>
<var>${value}</var>
</assign>
<kw name="Page Should Contain Element" library="Selenium2Library">
<doc>Verifies that element ``locator`` is found on the current page.</doc>
<arguments>
<arg>${sepetinizBosLabel}</arg>
</arguments>
<msg timestamp="20210120 10:59:55.998" level="INFO">Current page contains element 'xpath=//*[text()='Sepetiniz Boş']'.</msg>
<status status="PASS" starttime="20210120 10:59:55.920" endtime="20210120 10:59:55.998"></status>
</kw>
<msg timestamp="20210120 10:59:55.998" level="INFO">${status} = PASS</msg>
<msg timestamp="20210120 10:59:55.998" level="INFO">${value} = None</msg>
<status status="PASS" starttime="20210120 10:59:55.920" endtime="20210120 10:59:55.998"></status>
</kw>
<kw name="Run Keyword If" library="BuiltIn">
<doc>Runs the given keyword with the given arguments, if ``condition`` is true.</doc>
<arguments>
<arg>'${status}'=='PASS'</arg>
<arg>log to console</arg>
<arg>\nproduct has been deleted.</arg>
<arg>ELSE</arg>
<arg>log to console</arg>
<arg>\nproduct has not been deleted.</arg>
</arguments>
<kw name="Log To Console" library="BuiltIn">
<doc>Logs the given message to the console.</doc>
<arguments>
<arg>\nproduct has been deleted.</arg>
</arguments>
<status status="PASS" starttime="20210120 10:59:55.998" endtime="20210120 10:59:55.998"></status>
</kw>
<status status="PASS" starttime="20210120 10:59:55.998" endtime="20210120 10:59:55.998"></status>
</kw>
<status status="PASS" starttime="20210120 10:59:49.775" endtime="20210120 10:59:55.998"></status>
</kw>
<status status="PASS" starttime="20210120 10:59:28.900" endtime="20210120 10:59:55.998"></status>
</kw>
<kw name="When Test Fail Take Screenshot" library="MainFunctions" type="teardown">
<kw name="Run Keyword If Test Failed" library="BuiltIn">
<doc>Runs the given keyword with the given arguments, if the test failed.</doc>
<arguments>
<arg>Capture Page Screenshot</arg>
</arguments>
<status status="PASS" starttime="20210120 10:59:55.998" endtime="20210120 10:59:55.998"></status>
</kw>
<kw name="Run Keyword If Test Failed" library="BuiltIn">
<doc>Runs the given keyword with the given arguments, if the test failed.</doc>
<arguments>
<arg>Close All Browsers</arg>
</arguments>
<status status="PASS" starttime="20210120 10:59:55.998" endtime="20210120 10:59:55.998"></status>
</kw>
<kw name="Run Keyword If Test Passed" library="BuiltIn">
<doc>Runs the given keyword with the given arguments, if the test passed.</doc>
<arguments>
<arg>Close All Browsers</arg>
</arguments>
<kw name="Close All Browsers" library="Selenium2Library">
<doc>Closes all open browsers and resets the browser cache.</doc>
<status status="PASS" starttime="20210120 10:59:55.998" endtime="20210120 10:59:58.168"></status>
</kw>
<status status="PASS" starttime="20210120 10:59:55.998" endtime="20210120 10:59:58.168"></status>
</kw>
<status status="PASS" starttime="20210120 10:59:55.998" endtime="20210120 10:59:58.168"></status>
</kw>
<status status="PASS" starttime="20210120 10:58:59.465" endtime="20210120 10:59:58.168" critical="yes"></status>
</test>
<status status="PASS" starttime="20210120 10:58:59.246" endtime="20210120 10:59:58.168"></status>
</suite>
<statistics>
<total>
<stat pass="1" fail="0">Critical Tests</stat>
<stat pass="1" fail="0">All Tests</stat>
</total>
<tag>
</tag>
<suite>
<stat pass="1" fail="0" id="s1" name="n11TestSuite">n11TestSuite</stat>
</suite>
</statistics>
<errors>
<msg timestamp="20210120 10:58:59.434" level="ERROR">Error in file 'C:\Users\esrat\Downloads\n11Project-main (1)\n11Project-main\n11Project\Tests\n11TestSuite.robot' on line 5: Importing test library 'DebugLibrary' failed: ModuleNotFoundError: No module named 'DebugLibrary'
Traceback (most recent call last):
  None
PYTHONPATH:
  C:\Users\esrat\AppData\Local\Programs\Python\Python38\Scripts\robot.exe
  c:\users\esrat\appdata\local\programs\python\python38\python38.zip
  c:\users\esrat\appdata\local\programs\python\python38\DLLs
  c:\users\esrat\appdata\local\programs\python\python38\lib
  c:\users\esrat\appdata\local\programs\python\python38
  c:\users\esrat\appdata\local\programs\python\python38\lib\site-packages</msg>
<msg timestamp="20210120 10:58:59.450" level="ERROR">Error in file 'C:\Users\esrat\Downloads\n11Project-main (1)\n11Project-main\n11Project\Facilities\BasketFacilities.robot' on line 3: Importing test library 'DebugLibrary' failed: ModuleNotFoundError: No module named 'DebugLibrary'
Traceback (most recent call last):
  None
PYTHONPATH:
  C:\Users\esrat\AppData\Local\Programs\Python\Python38\Scripts\robot.exe
  c:\users\esrat\appdata\local\programs\python\python38\python38.zip
  c:\users\esrat\appdata\local\programs\python\python38\DLLs
  c:\users\esrat\appdata\local\programs\python\python38\lib
  c:\users\esrat\appdata\local\programs\python\python38
  c:\users\esrat\appdata\local\programs\python\python38\lib\site-packages</msg>
<msg timestamp="20210120 10:58:59.465" level="WARN">Error in file 'C:\Users\esrat\Downloads\n11Project-main (1)\n11Project-main\n11Project\Facilities\MainFunctions.robot' in FOR loop starting on line 15: For loop header ': FOR' is deprecated. Use 'FOR' instead.</msg>
<msg timestamp="20210120 10:58:59.465" level="WARN">Error in file 'C:\Users\esrat\Downloads\n11Project-main (1)\n11Project-main\n11Project\Facilities\MainFunctions.robot' in FOR loop starting on line 15: Marking for loop body with '\' is deprecated. Remove markers and use 'END' instead.</msg>
</errors>
</robot>
